<?xml version="1.0" encoding="UTF-8"?>
<!-- Generated by org.testng.reporters.JUnitReportReporter -->
<testsuite hostname="DESKTOP-4VBBEJ4" failures="0" tests="1" name="org.learn.Employee" time="2.730" errors="0" timestamp="30 Jan 2023 04:56:04 GMT" skipped="0">
  <testcase classname="org.learn.Employee" name="tc0" time="2.730"/>
</testsuite> <!-- org.learn.Employee -->
